Determining if the pthread_create exist failed with the following output:
Change Dir: //home/rablair/cpe471/Lab04/L04/build/CMakeFiles/CMakeTmp

Run Build Command:/bin/gmake "cmTryCompileExec594275732/fast"
/bin/gmake -f CMakeFiles/cmTryCompileExec594275732.dir/build.make CMakeFiles/cmTryCompileExec594275732.dir/build
gmake[1]: Entering directory `/home/rablair/cpe471/Lab04/L04/build/CMakeFiles/CMakeTmp'
/usr/bin/cmake -E cmake_progress_report //home/rablair/cpe471/Lab04/L04/build/CMakeFiles/CMakeTmp/CMakeFiles 1
Building C object CMakeFiles/cmTryCompileExec594275732.dir/CheckSymbolExists.c.o
/bin/cc    -o CMakeFiles/cmTryCompileExec594275732.dir/CheckSymbolExists.c.o   -c //home/rablair/cpe471/Lab04/L04/build/CMakeFiles/CMakeTmp/CheckSymbolExists.c
Linking C executable cmTryCompileExec594275732
/usr/bin/cmake -E cmake_link_script CMakeFiles/cmTryCompileExec594275732.dir/link.txt --verbose=1
/bin/cc       CMakeFiles/cmTryCompileExec594275732.dir/CheckSymbolExists.c.o  -o cmTryCompileExec594275732 -rdynamic 
CMakeFiles/cmTryCompileExec594275732.dir/CheckSymbolExists.c.o: In function `main':
CheckSymbolExists.c:(.text+0x16): undefined reference to `pthread_create'
collect2: error: ld returned 1 exit status
gmake[1]: *** [cmTryCompileExec594275732] Error 1
gmake[1]: Leaving directory `/home/rablair/cpe471/Lab04/L04/build/CMakeFiles/CMakeTmp'
gmake: *** [cmTryCompileExec594275732/fast] Error 2

File //home/rablair/cpe471/Lab04/L04/build/CMakeFiles/CMakeTmp/CheckSymbolExists.c:
/* */
#include <pthread.h>

int main(int argc, char** argv)
{
  (void)argv;
#ifndef pthread_create
  return ((int*)(&pthread_create))[argc];
#else
  (void)argc;
  return 0;
#endif
}

Determining if the function pthread_create exists in the pthreads failed with the following output:
Change Dir: //home/rablair/cpe471/Lab04/L04/build/CMakeFiles/CMakeTmp

Run Build Command:/bin/gmake "cmTryCompileExec3617393391/fast"
/bin/gmake -f CMakeFiles/cmTryCompileExec3617393391.dir/build.make CMakeFiles/cmTryCompileExec3617393391.dir/build
gmake[1]: Entering directory `/home/rablair/cpe471/Lab04/L04/build/CMakeFiles/CMakeTmp'
/usr/bin/cmake -E cmake_progress_report //home/rablair/cpe471/Lab04/L04/build/CMakeFiles/CMakeTmp/CMakeFiles 1
Building C object CMakeFiles/cmTryCompileExec3617393391.dir/CheckFunctionExists.c.o
/bin/cc   -DCHECK_FUNCTION_EXISTS=pthread_create   -o CMakeFiles/cmTryCompileExec3617393391.dir/CheckFunctionExists.c.o   -c /usr/share/cmake/Modules/CheckFunctionExists.c
Linking C executable cmTryCompileExec3617393391
/usr/bin/cmake -E cmake_link_script CMakeFiles/cmTryCompileExec3617393391.dir/link.txt --verbose=1
/bin/cc   -DCHECK_FUNCTION_EXISTS=pthread_create    CMakeFiles/cmTryCompileExec3617393391.dir/CheckFunctionExists.c.o  -o cmTryCompileExec3617393391 -rdynamic -lpthreads 
/bin/ld: cannot find -lpthreads
collect2: error: ld returned 1 exit status
gmake[1]: *** [cmTryCompileExec3617393391] Error 1
gmake[1]: Leaving directory `/home/rablair/cpe471/Lab04/L04/build/CMakeFiles/CMakeTmp'
gmake: *** [cmTryCompileExec3617393391/fast] Error 2


