Determining if the pthread_create exist failed with the following output:
Change Dir: //home/rablair/cpe471/Lab09/Lab9/build/CMakeFiles/CMakeTmp

Run Build Command:/bin/gmake "cmTryCompileExec651210347/fast"
/bin/gmake -f CMakeFiles/cmTryCompileExec651210347.dir/build.make CMakeFiles/cmTryCompileExec651210347.dir/build
gmake[1]: Entering directory `/home/rablair/cpe471/Lab09/Lab9/build/CMakeFiles/CMakeTmp'
/usr/bin/cmake -E cmake_progress_report //home/rablair/cpe471/Lab09/Lab9/build/CMakeFiles/CMakeTmp/CMakeFiles 1
Building C object CMakeFiles/cmTryCompileExec651210347.dir/CheckSymbolExists.c.o
/bin/cc    -o CMakeFiles/cmTryCompileExec651210347.dir/CheckSymbolExists.c.o   -c //home/rablair/cpe471/Lab09/Lab9/build/CMakeFiles/CMakeTmp/CheckSymbolExists.c
Linking C executable cmTryCompileExec651210347
/usr/bin/cmake -E cmake_link_script CMakeFiles/cmTryCompileExec651210347.dir/link.txt --verbose=1
/bin/cc       CMakeFiles/cmTryCompileExec651210347.dir/CheckSymbolExists.c.o  -o cmTryCompileExec651210347 -rdynamic 
CMakeFiles/cmTryCompileExec651210347.dir/CheckSymbolExists.c.o: In function `main':
CheckSymbolExists.c:(.text+0x16): undefined reference to `pthread_create'
collect2: error: ld returned 1 exit status
gmake[1]: *** [cmTryCompileExec651210347] Error 1
gmake[1]: Leaving directory `/home/rablair/cpe471/Lab09/Lab9/build/CMakeFiles/CMakeTmp'
gmake: *** [cmTryCompileExec651210347/fast] Error 2

File //home/rablair/cpe471/Lab09/Lab9/build/CMakeFiles/CMakeTmp/CheckSymbolExists.c:
/* */
#include <pthread.h>

int main(int argc, char** argv)
{
  (void)argv;
#ifndef pthread_create
  return ((int*)(&pthread_create))[argc];
#else
  (void)argc;
  return 0;
#endif
}

Determining if the function pthread_create exists in the pthreads failed with the following output:
Change Dir: //home/rablair/cpe471/Lab09/Lab9/build/CMakeFiles/CMakeTmp

Run Build Command:/bin/gmake "cmTryCompileExec1981192102/fast"
/bin/gmake -f CMakeFiles/cmTryCompileExec1981192102.dir/build.make CMakeFiles/cmTryCompileExec1981192102.dir/build
gmake[1]: Entering directory `/home/rablair/cpe471/Lab09/Lab9/build/CMakeFiles/CMakeTmp'
/usr/bin/cmake -E cmake_progress_report //home/rablair/cpe471/Lab09/Lab9/build/CMakeFiles/CMakeTmp/CMakeFiles 1
Building C object CMakeFiles/cmTryCompileExec1981192102.dir/CheckFunctionExists.c.o
/bin/cc   -DCHECK_FUNCTION_EXISTS=pthread_create   -o CMakeFiles/cmTryCompileExec1981192102.dir/CheckFunctionExists.c.o   -c /usr/share/cmake/Modules/CheckFunctionExists.c
Linking C executable cmTryCompileExec1981192102
/usr/bin/cmake -E cmake_link_script CMakeFiles/cmTryCompileExec1981192102.dir/link.txt --verbose=1
/bin/cc   -DCHECK_FUNCTION_EXISTS=pthread_create    CMakeFiles/cmTryCompileExec1981192102.dir/CheckFunctionExists.c.o  -o cmTryCompileExec1981192102 -rdynamic -lpthreads 
/bin/ld: cannot find -lpthreads
collect2: error: ld returned 1 exit status
gmake[1]: *** [cmTryCompileExec1981192102] Error 1
gmake[1]: Leaving directory `/home/rablair/cpe471/Lab09/Lab9/build/CMakeFiles/CMakeTmp'
gmake: *** [cmTryCompileExec1981192102/fast] Error 2


