Determining if the pthread_create exist failed with the following output:
Change Dir: //home/rablair/cpe471/Lab05/2016Lab5release/build/CMakeFiles/CMakeTmp

Run Build Command:/bin/gmake "cmTryCompileExec3938154858/fast"
/bin/gmake -f CMakeFiles/cmTryCompileExec3938154858.dir/build.make CMakeFiles/cmTryCompileExec3938154858.dir/build
gmake[1]: Entering directory `/home/rablair/cpe471/Lab05/2016Lab5release/build/CMakeFiles/CMakeTmp'
/usr/bin/cmake -E cmake_progress_report //home/rablair/cpe471/Lab05/2016Lab5release/build/CMakeFiles/CMakeTmp/CMakeFiles 1
Building C object CMakeFiles/cmTryCompileExec3938154858.dir/CheckSymbolExists.c.o
/bin/cc    -o CMakeFiles/cmTryCompileExec3938154858.dir/CheckSymbolExists.c.o   -c //home/rablair/cpe471/Lab05/2016Lab5release/build/CMakeFiles/CMakeTmp/CheckSymbolExists.c
Linking C executable cmTryCompileExec3938154858
/usr/bin/cmake -E cmake_link_script CMakeFiles/cmTryCompileExec3938154858.dir/link.txt --verbose=1
/bin/cc       CMakeFiles/cmTryCompileExec3938154858.dir/CheckSymbolExists.c.o  -o cmTryCompileExec3938154858 -rdynamic 
CMakeFiles/cmTryCompileExec3938154858.dir/CheckSymbolExists.c.o: In function `main':
CheckSymbolExists.c:(.text+0x16): undefined reference to `pthread_create'
collect2: error: ld returned 1 exit status
gmake[1]: *** [cmTryCompileExec3938154858] Error 1
gmake[1]: Leaving directory `/home/rablair/cpe471/Lab05/2016Lab5release/build/CMakeFiles/CMakeTmp'
gmake: *** [cmTryCompileExec3938154858/fast] Error 2

File //home/rablair/cpe471/Lab05/2016Lab5release/build/CMakeFiles/CMakeTmp/CheckSymbolExists.c:
/* */
#include <pthread.h>

int main(int argc, char** argv)
{
  (void)argv;
#ifndef pthread_create
  return ((int*)(&pthread_create))[argc];
#else
  (void)argc;
  return 0;
#endif
}

Determining if the function pthread_create exists in the pthreads failed with the following output:
Change Dir: //home/rablair/cpe471/Lab05/2016Lab5release/build/CMakeFiles/CMakeTmp

Run Build Command:/bin/gmake "cmTryCompileExec3894588848/fast"
/bin/gmake -f CMakeFiles/cmTryCompileExec3894588848.dir/build.make CMakeFiles/cmTryCompileExec3894588848.dir/build
gmake[1]: Entering directory `/home/rablair/cpe471/Lab05/2016Lab5release/build/CMakeFiles/CMakeTmp'
/usr/bin/cmake -E cmake_progress_report //home/rablair/cpe471/Lab05/2016Lab5release/build/CMakeFiles/CMakeTmp/CMakeFiles 1
Building C object CMakeFiles/cmTryCompileExec3894588848.dir/CheckFunctionExists.c.o
/bin/cc   -DCHECK_FUNCTION_EXISTS=pthread_create   -o CMakeFiles/cmTryCompileExec3894588848.dir/CheckFunctionExists.c.o   -c /usr/share/cmake/Modules/CheckFunctionExists.c
Linking C executable cmTryCompileExec3894588848
/usr/bin/cmake -E cmake_link_script CMakeFiles/cmTryCompileExec3894588848.dir/link.txt --verbose=1
/bin/cc   -DCHECK_FUNCTION_EXISTS=pthread_create    CMakeFiles/cmTryCompileExec3894588848.dir/CheckFunctionExists.c.o  -o cmTryCompileExec3894588848 -rdynamic -lpthreads 
/bin/ld: cannot find -lpthreads
collect2: error: ld returned 1 exit status
gmake[1]: *** [cmTryCompileExec3894588848] Error 1
gmake[1]: Leaving directory `/home/rablair/cpe471/Lab05/2016Lab5release/build/CMakeFiles/CMakeTmp'
gmake: *** [cmTryCompileExec3894588848/fast] Error 2


