Determining if the pthread_create exist failed with the following output:
Change Dir: //home/rablair/cpe471/Lab06/2016Lab6release/build/CMakeFiles/CMakeTmp

Run Build Command:/bin/gmake "cmTryCompileExec911093005/fast"
/bin/gmake -f CMakeFiles/cmTryCompileExec911093005.dir/build.make CMakeFiles/cmTryCompileExec911093005.dir/build
gmake[1]: Entering directory `/home/rablair/cpe471/Lab06/2016Lab6release/build/CMakeFiles/CMakeTmp'
gmake[1]: Warning: File `CMakeFiles/cmTryCompileExec911093005.dir/progress.make' has modification time 0.03 s in the future
/usr/bin/cmake -E cmake_progress_report //home/rablair/cpe471/Lab06/2016Lab6release/build/CMakeFiles/CMakeTmp/CMakeFiles 1
Building C object CMakeFiles/cmTryCompileExec911093005.dir/CheckSymbolExists.c.o
/bin/cc    -o CMakeFiles/cmTryCompileExec911093005.dir/CheckSymbolExists.c.o   -c //home/rablair/cpe471/Lab06/2016Lab6release/build/CMakeFiles/CMakeTmp/CheckSymbolExists.c
Linking C executable cmTryCompileExec911093005
/usr/bin/cmake -E cmake_link_script CMakeFiles/cmTryCompileExec911093005.dir/link.txt --verbose=1
/bin/cc       CMakeFiles/cmTryCompileExec911093005.dir/CheckSymbolExists.c.o  -o cmTryCompileExec911093005 -rdynamic 
CMakeFiles/cmTryCompileExec911093005.dir/CheckSymbolExists.c.o: In function `main':
CheckSymbolExists.c:(.text+0x16): undefined reference to `pthread_create'
collect2: error: ld returned 1 exit status
gmake[1]: *** [cmTryCompileExec911093005] Error 1
gmake[1]: Leaving directory `/home/rablair/cpe471/Lab06/2016Lab6release/build/CMakeFiles/CMakeTmp'
gmake: *** [cmTryCompileExec911093005/fast] Error 2

File //home/rablair/cpe471/Lab06/2016Lab6release/build/CMakeFiles/CMakeTmp/CheckSymbolExists.c:
/* */
#include <pthread.h>

int main(int argc, char** argv)
{
  (void)argv;
#ifndef pthread_create
  return ((int*)(&pthread_create))[argc];
#else
  (void)argc;
  return 0;
#endif
}

Determining if the function pthread_create exists in the pthreads failed with the following output:
Change Dir: //home/rablair/cpe471/Lab06/2016Lab6release/build/CMakeFiles/CMakeTmp

Run Build Command:/bin/gmake "cmTryCompileExec497715406/fast"
gmake: Warning: File `Makefile' has modification time 0.014 s in the future
/bin/gmake -f CMakeFiles/cmTryCompileExec497715406.dir/build.make CMakeFiles/cmTryCompileExec497715406.dir/build
gmake[1]: Entering directory `/home/rablair/cpe471/Lab06/2016Lab6release/build/CMakeFiles/CMakeTmp'
gmake[1]: Warning: File `CMakeFiles/cmTryCompileExec497715406.dir/flags.make' has modification time 0.0029 s in the future
/usr/bin/cmake -E cmake_progress_report //home/rablair/cpe471/Lab06/2016Lab6release/build/CMakeFiles/CMakeTmp/CMakeFiles 1
Building C object CMakeFiles/cmTryCompileExec497715406.dir/CheckFunctionExists.c.o
/bin/cc   -DCHECK_FUNCTION_EXISTS=pthread_create   -o CMakeFiles/cmTryCompileExec497715406.dir/CheckFunctionExists.c.o   -c /usr/share/cmake/Modules/CheckFunctionExists.c
Linking C executable cmTryCompileExec497715406
/usr/bin/cmake -E cmake_link_script CMakeFiles/cmTryCompileExec497715406.dir/link.txt --verbose=1
/bin/cc   -DCHECK_FUNCTION_EXISTS=pthread_create    CMakeFiles/cmTryCompileExec497715406.dir/CheckFunctionExists.c.o  -o cmTryCompileExec497715406 -rdynamic -lpthreads 
/bin/ld: cannot find -lpthreads
collect2: error: ld returned 1 exit status
gmake[1]: *** [cmTryCompileExec497715406] Error 1
gmake[1]: Leaving directory `/home/rablair/cpe471/Lab06/2016Lab6release/build/CMakeFiles/CMakeTmp'
gmake: *** [cmTryCompileExec497715406/fast] Error 2


