Determining if the pthread_create exist failed with the following output:
Change Dir: //home/rablair/cpe471/Prog2A/build/CMakeFiles/CMakeTmp

Run Build Command:/bin/gmake "cmTryCompileExec2189908086/fast"
/bin/gmake -f CMakeFiles/cmTryCompileExec2189908086.dir/build.make CMakeFiles/cmTryCompileExec2189908086.dir/build
gmake[1]: Entering directory `/home/rablair/cpe471/Prog2A/build/CMakeFiles/CMakeTmp'
/usr/bin/cmake -E cmake_progress_report //home/rablair/cpe471/Prog2A/build/CMakeFiles/CMakeTmp/CMakeFiles 1
Building C object CMakeFiles/cmTryCompileExec2189908086.dir/CheckSymbolExists.c.o
/bin/cc    -o CMakeFiles/cmTryCompileExec2189908086.dir/CheckSymbolExists.c.o   -c //home/rablair/cpe471/Prog2A/build/CMakeFiles/CMakeTmp/CheckSymbolExists.c
Linking C executable cmTryCompileExec2189908086
/usr/bin/cmake -E cmake_link_script CMakeFiles/cmTryCompileExec2189908086.dir/link.txt --verbose=1
/bin/cc       CMakeFiles/cmTryCompileExec2189908086.dir/CheckSymbolExists.c.o  -o cmTryCompileExec2189908086 -rdynamic 
CMakeFiles/cmTryCompileExec2189908086.dir/CheckSymbolExists.c.o: In function `main':
CheckSymbolExists.c:(.text+0x16): undefined reference to `pthread_create'
collect2: error: ld returned 1 exit status
gmake[1]: *** [cmTryCompileExec2189908086] Error 1
gmake[1]: Leaving directory `/home/rablair/cpe471/Prog2A/build/CMakeFiles/CMakeTmp'
gmake: *** [cmTryCompileExec2189908086/fast] Error 2

File //home/rablair/cpe471/Prog2A/build/CMakeFiles/CMakeTmp/CheckSymbolExists.c:
/* */
#include <pthread.h>

int main(int argc, char** argv)
{
  (void)argv;
#ifndef pthread_create
  return ((int*)(&pthread_create))[argc];
#else
  (void)argc;
  return 0;
#endif
}

Determining if the function pthread_create exists in the pthreads failed with the following output:
Change Dir: //home/rablair/cpe471/Prog2A/build/CMakeFiles/CMakeTmp

Run Build Command:/bin/gmake "cmTryCompileExec2946975799/fast"
/bin/gmake -f CMakeFiles/cmTryCompileExec2946975799.dir/build.make CMakeFiles/cmTryCompileExec2946975799.dir/build
gmake[1]: Entering directory `/home/rablair/cpe471/Prog2A/build/CMakeFiles/CMakeTmp'
gmake[1]: Warning: File `CMakeFiles/cmTryCompileExec2946975799.dir/progress.make' has modification time 0.011 s in the future
/usr/bin/cmake -E cmake_progress_report //home/rablair/cpe471/Prog2A/build/CMakeFiles/CMakeTmp/CMakeFiles 1
Building C object CMakeFiles/cmTryCompileExec2946975799.dir/CheckFunctionExists.c.o
/bin/cc   -DCHECK_FUNCTION_EXISTS=pthread_create   -o CMakeFiles/cmTryCompileExec2946975799.dir/CheckFunctionExists.c.o   -c /usr/share/cmake/Modules/CheckFunctionExists.c
Linking C executable cmTryCompileExec2946975799
/usr/bin/cmake -E cmake_link_script CMakeFiles/cmTryCompileExec2946975799.dir/link.txt --verbose=1
/bin/cc   -DCHECK_FUNCTION_EXISTS=pthread_create    CMakeFiles/cmTryCompileExec2946975799.dir/CheckFunctionExists.c.o  -o cmTryCompileExec2946975799 -rdynamic -lpthreads 
/bin/ld: cannot find -lpthreads
collect2: error: ld returned 1 exit status
gmake[1]: *** [cmTryCompileExec2946975799] Error 1
gmake[1]: Leaving directory `/home/rablair/cpe471/Prog2A/build/CMakeFiles/CMakeTmp'
gmake: *** [cmTryCompileExec2946975799/fast] Error 2


