Determining if the pthread_create exist failed with the following output:
Change Dir: //home/rablair/cpe471/Prog4/build/CMakeFiles/CMakeTmp

Run Build Command:/bin/gmake "cmTryCompileExec1660905660/fast"
/bin/gmake -f CMakeFiles/cmTryCompileExec1660905660.dir/build.make CMakeFiles/cmTryCompileExec1660905660.dir/build
gmake[1]: Entering directory `/home/rablair/cpe471/Prog4/build/CMakeFiles/CMakeTmp'
/usr/bin/cmake -E cmake_progress_report //home/rablair/cpe471/Prog4/build/CMakeFiles/CMakeTmp/CMakeFiles 1
Building C object CMakeFiles/cmTryCompileExec1660905660.dir/CheckSymbolExists.c.o
/bin/cc    -o CMakeFiles/cmTryCompileExec1660905660.dir/CheckSymbolExists.c.o   -c //home/rablair/cpe471/Prog4/build/CMakeFiles/CMakeTmp/CheckSymbolExists.c
Linking C executable cmTryCompileExec1660905660
/usr/bin/cmake -E cmake_link_script CMakeFiles/cmTryCompileExec1660905660.dir/link.txt --verbose=1
/bin/cc       CMakeFiles/cmTryCompileExec1660905660.dir/CheckSymbolExists.c.o  -o cmTryCompileExec1660905660 -rdynamic 
CMakeFiles/cmTryCompileExec1660905660.dir/CheckSymbolExists.c.o: In function `main':
CheckSymbolExists.c:(.text+0x16): undefined reference to `pthread_create'
collect2: error: ld returned 1 exit status
gmake[1]: *** [cmTryCompileExec1660905660] Error 1
gmake[1]: Leaving directory `/home/rablair/cpe471/Prog4/build/CMakeFiles/CMakeTmp'
gmake: *** [cmTryCompileExec1660905660/fast] Error 2

File //home/rablair/cpe471/Prog4/build/CMakeFiles/CMakeTmp/CheckSymbolExists.c:
/* */
#include <pthread.h>

int main(int argc, char** argv)
{
  (void)argv;
#ifndef pthread_create
  return ((int*)(&pthread_create))[argc];
#else
  (void)argc;
  return 0;
#endif
}

Determining if the function pthread_create exists in the pthreads failed with the following output:
Change Dir: //home/rablair/cpe471/Prog4/build/CMakeFiles/CMakeTmp

Run Build Command:/bin/gmake "cmTryCompileExec2553530528/fast"
/bin/gmake -f CMakeFiles/cmTryCompileExec2553530528.dir/build.make CMakeFiles/cmTryCompileExec2553530528.dir/build
gmake[1]: Entering directory `/home/rablair/cpe471/Prog4/build/CMakeFiles/CMakeTmp'
/usr/bin/cmake -E cmake_progress_report //home/rablair/cpe471/Prog4/build/CMakeFiles/CMakeTmp/CMakeFiles 1
Building C object CMakeFiles/cmTryCompileExec2553530528.dir/CheckFunctionExists.c.o
/bin/cc   -DCHECK_FUNCTION_EXISTS=pthread_create   -o CMakeFiles/cmTryCompileExec2553530528.dir/CheckFunctionExists.c.o   -c /usr/share/cmake/Modules/CheckFunctionExists.c
Linking C executable cmTryCompileExec2553530528
/usr/bin/cmake -E cmake_link_script CMakeFiles/cmTryCompileExec2553530528.dir/link.txt --verbose=1
/bin/cc   -DCHECK_FUNCTION_EXISTS=pthread_create    CMakeFiles/cmTryCompileExec2553530528.dir/CheckFunctionExists.c.o  -o cmTryCompileExec2553530528 -rdynamic -lpthreads 
/bin/ld: cannot find -lpthreads
collect2: error: ld returned 1 exit status
gmake[1]: *** [cmTryCompileExec2553530528] Error 1
gmake[1]: Leaving directory `/home/rablair/cpe471/Prog4/build/CMakeFiles/CMakeTmp'
gmake: *** [cmTryCompileExec2553530528/fast] Error 2


