Determining if the pthread_create exist failed with the following output:
Change Dir: //home/rablair/cpe471/Prog2B/build/CMakeFiles/CMakeTmp

Run Build Command:/bin/gmake "cmTryCompileExec4264102686/fast"
/bin/gmake -f CMakeFiles/cmTryCompileExec4264102686.dir/build.make CMakeFiles/cmTryCompileExec4264102686.dir/build
gmake[1]: Entering directory `/home/rablair/cpe471/Prog2B/build/CMakeFiles/CMakeTmp'
/usr/bin/cmake -E cmake_progress_report //home/rablair/cpe471/Prog2B/build/CMakeFiles/CMakeTmp/CMakeFiles 1
Building C object CMakeFiles/cmTryCompileExec4264102686.dir/CheckSymbolExists.c.o
/bin/cc    -o CMakeFiles/cmTryCompileExec4264102686.dir/CheckSymbolExists.c.o   -c //home/rablair/cpe471/Prog2B/build/CMakeFiles/CMakeTmp/CheckSymbolExists.c
Linking C executable cmTryCompileExec4264102686
/usr/bin/cmake -E cmake_link_script CMakeFiles/cmTryCompileExec4264102686.dir/link.txt --verbose=1
/bin/cc       CMakeFiles/cmTryCompileExec4264102686.dir/CheckSymbolExists.c.o  -o cmTryCompileExec4264102686 -rdynamic 
CMakeFiles/cmTryCompileExec4264102686.dir/CheckSymbolExists.c.o: In function `main':
CheckSymbolExists.c:(.text+0x16): undefined reference to `pthread_create'
collect2: error: ld returned 1 exit status
gmake[1]: *** [cmTryCompileExec4264102686] Error 1
gmake[1]: Leaving directory `/home/rablair/cpe471/Prog2B/build/CMakeFiles/CMakeTmp'
gmake: *** [cmTryCompileExec4264102686/fast] Error 2

File //home/rablair/cpe471/Prog2B/build/CMakeFiles/CMakeTmp/CheckSymbolExists.c:
/* */
#include <pthread.h>

int main(int argc, char** argv)
{
  (void)argv;
#ifndef pthread_create
  return ((int*)(&pthread_create))[argc];
#else
  (void)argc;
  return 0;
#endif
}

Determining if the function pthread_create exists in the pthreads failed with the following output:
Change Dir: //home/rablair/cpe471/Prog2B/build/CMakeFiles/CMakeTmp

Run Build Command:/bin/gmake "cmTryCompileExec1257759798/fast"
/bin/gmake -f CMakeFiles/cmTryCompileExec1257759798.dir/build.make CMakeFiles/cmTryCompileExec1257759798.dir/build
gmake[1]: Entering directory `/home/rablair/cpe471/Prog2B/build/CMakeFiles/CMakeTmp'
/usr/bin/cmake -E cmake_progress_report //home/rablair/cpe471/Prog2B/build/CMakeFiles/CMakeTmp/CMakeFiles 1
Building C object CMakeFiles/cmTryCompileExec1257759798.dir/CheckFunctionExists.c.o
/bin/cc   -DCHECK_FUNCTION_EXISTS=pthread_create   -o CMakeFiles/cmTryCompileExec1257759798.dir/CheckFunctionExists.c.o   -c /usr/share/cmake/Modules/CheckFunctionExists.c
Linking C executable cmTryCompileExec1257759798
/usr/bin/cmake -E cmake_link_script CMakeFiles/cmTryCompileExec1257759798.dir/link.txt --verbose=1
/bin/cc   -DCHECK_FUNCTION_EXISTS=pthread_create    CMakeFiles/cmTryCompileExec1257759798.dir/CheckFunctionExists.c.o  -o cmTryCompileExec1257759798 -rdynamic -lpthreads 
/bin/ld: cannot find -lpthreads
collect2: error: ld returned 1 exit status
gmake[1]: *** [cmTryCompileExec1257759798] Error 1
gmake[1]: Leaving directory `/home/rablair/cpe471/Prog2B/build/CMakeFiles/CMakeTmp'
gmake: *** [cmTryCompileExec1257759798/fast] Error 2


